#
# There is insufficient memory for the Java Runtime Environment to continue.
# Native memory allocation (mmap) failed to map 10485760 bytes for G1 virtual space
# Possible reasons:
#   The system is out of physical RAM or swap space
#   The process is running with CompressedOops enabled, and the Java Heap may be blocking the growth of the native heap
# Possible solutions:
#   Reduce memory load on the system
#   Increase physical memory or swap space
#   Check if swap backing store is full
#   Decrease Java heap size (-Xmx/-Xms)
#   Decrease number of Java threads
#   Decrease Java thread stack sizes (-Xss)
#   Set larger code cache with -XX:ReservedCodeCacheSize=
#   JVM is running with Unscaled Compressed Oops mode in which the Java heap is
#     placed in the first 4GB address space. The Java Heap base address is the
#     maximum limit for the native heap growth. Please use -XX:HeapBaseMinAddress
#     to set the Java Heap base and to place the Java Heap above 4GB virtual address.
# This output file may be truncated or incomplete.
#
#  Out of Memory Error (./open/src/hotspot/os/windows/os_windows.cpp:3472), pid=6364, tid=13196
#
# JRE version: OpenJDK Runtime Environment (15.0.1+9) (build 15.0.1+9-18)
# Java VM: OpenJDK 64-Bit Server VM (15.0.1+9-18, mixed mode, tiered, compressed oops, g1 gc, windows-amd64)
# No core dump will be written. Minidumps are not enabled by default on client versions of Windows
#

---------------  S U M M A R Y ------------

Command Line: -Dcom.sun.management.jmxremote -Dcom.sun.management.jmxremote.port=59230 -Dcom.sun.management.jmxremote.authenticate=false -Dcom.sun.management.jmxremote.ssl=false -Djava.rmi.server.hostname=localhost -Dspring.jmx.enabled=true -Dspring.application.admin.enabled=true -XX:TieredStopAtLevel=1 -Dspring.boot.project.name=job-seeking -Dfile.encoding=UTF-8 -XX:+ShowCodeDetailsInExceptionMessages com.pfa.jobseeking.JobSeekingApplication

Host: Intel(R) Core(TM) i7-4510U CPU @ 2.00GHz, 4 cores, 3G,  Windows 10 , 64 bit Build 19041 (10.0.19041.1023)
Time: Sat Jun 26 21:28:35 2021 Maroc (heure d’été) elapsed time: 25.759553 seconds (0d 0h 0m 25s)

---------------  T H R E A D  ---------------

Current thread (0x00000211ce60ce60):  VMThread "VM Thread" [stack: 0x000000cca6800000,0x000000cca6900000] [id=13196]

Stack: [0x000000cca6800000,0x000000cca6900000]
[error occurred during error reporting (printing stack bounds), id 0xc0000005, EXCEPTION_ACCESS_VIOLATION (0xc0000005) at pc=0x00000211babd10ad]

Native frames: (J=compiled Java code, j=interpreted, Vv=VM code, C=native code)
V  [jvm.dll+0x62ae9a]
V  [jvm.dll+0x781389]
V  [jvm.dll+0x782ae3]
V  [jvm.dll+0x7830a5]
V  [jvm.dll+0x78305b]
V  [jvm.dll+0x62a2b9]
V  [jvm.dll+0x62aa88]
C  [ntdll.dll+0xa217f]
C  [ntdll.dll+0x51454]
C  [ntdll.dll+0xa0cae]
C  0x00000211babd10ad

VM_Operation (0x000000cca64ff390): G1Concurrent, mode: safepoint, requested by thread 0x00000211b71f95a0


---------------  P R O C E S S  ---------------

Threads class SMR info:
_java_thread_list=0x00000211d2e422c0, length=25, elements={
0x00000211b71c6a80, 0x00000211ce645030, 0x00000211ce646080, 0x00000211ce671530,
0x00000211ce671a00, 0x00000211ce673780, 0x00000211ce678030, 0x00000211ce67adf0,
0x00000211cf0e5be0, 0x00000211cf0e48a0, 0x00000211cf0e3090, 0x00000211cf0e3f00,
0x00000211cf0e5710, 0x00000211cf0e3a30, 0x00000211cf0e60b0, 0x00000211cf0e6580,
0x00000211cf0e2bc0, 0x00000211cf0e3560, 0x00000211cf0e43d0, 0x00000211d0819840,
0x00000211d081a6b0, 0x00000211d081c390, 0x00000211d081d200, 0x00000211d0819d10,
0x00000211d081b520
}

Java Threads: ( => current thread )
  0x00000211b71c6a80 JavaThread "main" [_thread_blocked, id=9500, stack(0x000000cca6200000,0x000000cca6300000)]
  0x00000211ce645030 JavaThread "Reference Handler" daemon [_thread_blocked, id=10208, stack(0x000000cca6900000,0x000000cca6a00000)]
  0x00000211ce646080 JavaThread "Finalizer" daemon [_thread_blocked, id=2220, stack(0x000000cca6a00000,0x000000cca6b00000)]
  0x00000211ce671530 JavaThread "Signal Dispatcher" daemon [_thread_blocked, id=4920, stack(0x000000cca6b00000,0x000000cca6c00000)]
  0x00000211ce671a00 JavaThread "Attach Listener" daemon [_thread_blocked, id=10444, stack(0x000000cca6c00000,0x000000cca6d00000)]
  0x00000211ce673780 JavaThread "Service Thread" daemon [_thread_blocked, id=4844, stack(0x000000cca6d00000,0x000000cca6e00000)]
  0x00000211ce678030 JavaThread "C1 CompilerThread0" daemon [_thread_blocked, id=12952, stack(0x000000cca6e00000,0x000000cca6f00000)]
  0x00000211ce67adf0 JavaThread "Sweeper thread" daemon [_thread_blocked, id=2496, stack(0x000000cca6f00000,0x000000cca7000000)]
  0x00000211cf0e5be0 JavaThread "Common-Cleaner" daemon [_thread_blocked, id=836, stack(0x000000cca7000000,0x000000cca7100000)]
  0x00000211cf0e48a0 JavaThread "Notification Thread" daemon [_thread_blocked, id=11872, stack(0x000000cca7100000,0x000000cca7200000)]
  0x00000211cf0e3090 JavaThread "RMI TCP Accept-0" daemon [_thread_in_native, id=12056, stack(0x000000cca7200000,0x000000cca7300000)]
  0x00000211cf0e3f00 JavaThread "RMI TCP Accept-59230" daemon [_thread_in_native, id=1656, stack(0x000000cca7300000,0x000000cca7400000)]
  0x00000211cf0e5710 JavaThread "RMI TCP Accept-0" daemon [_thread_in_native, id=12632, stack(0x000000cca7400000,0x000000cca7500000)]
  0x00000211cf0e3a30 JavaThread "RMI TCP Connection(1)-127.0.0.1" daemon [_thread_in_native, id=11172, stack(0x000000cca7900000,0x000000cca7a00000)]
  0x00000211cf0e60b0 JavaThread "RMI Scheduler(0)" daemon [_thread_blocked, id=7372, stack(0x000000cca7a00000,0x000000cca7b00000)]
  0x00000211cf0e6580 JavaThread "RMI TCP Connection(2)-127.0.0.1" daemon [_thread_in_native, id=7752, stack(0x000000cca7b00000,0x000000cca7c00000)]
  0x00000211cf0e2bc0 JavaThread "JMX server connection timeout 20" daemon [_thread_blocked, id=4188, stack(0x000000cca7c00000,0x000000cca7d00000)]
  0x00000211cf0e3560 JavaThread "Thread-0" [_thread_blocked, id=13068, stack(0x000000cca7d00000,0x000000cca7e00000)]
  0x00000211cf0e43d0 JavaThread "restartedMain" [_thread_blocked, id=12788, stack(0x000000cca7e00000,0x000000cca7f00000)]
  0x00000211d0819840 JavaThread "Catalina-utility-1" [_thread_blocked, id=12020, stack(0x000000cca8100000,0x000000cca8200000)]
  0x00000211d081a6b0 JavaThread "Catalina-utility-2" [_thread_blocked, id=9016, stack(0x000000cca8200000,0x000000cca8300000)]
  0x00000211d081c390 JavaThread "container-0" [_thread_blocked, id=7392, stack(0x000000cca8300000,0x000000cca8400000)]
  0x00000211d081d200 JavaThread "mysql-cj-abandoned-connection-cleanup" daemon [_thread_blocked, id=12388, stack(0x000000cca8400000,0x000000cca8500000)]
  0x00000211d0819d10 JavaThread "HikariPool-1 housekeeper" daemon [_thread_blocked, id=12784, stack(0x000000cca8600000,0x000000cca8700000)]
  0x00000211d081b520 JavaThread "Live Reload Server" daemon [_thread_in_native, id=9888, stack(0x000000cca8800000,0x000000cca8900000)]

Other Threads:
=>0x00000211ce60ce60 VMThread "VM Thread" [stack: 0x000000cca6800000,0x000000cca6900000] [id=13196]
  0x00000211b50ea8c0 WatcherThread [stack: 0x000000cca7500000,0x000000cca7600000] [id=12964]
  0x00000211b71f0600 GCTaskThread "GC Thread#0" [stack: 0x000000cca6300000,0x000000cca6400000] [id=13284]
  0x00000211cf7eb370 GCTaskThread "GC Thread#1" [stack: 0x000000cca7600000,0x000000cca7700000] [id=11892]
  0x00000211cf7ec9c0 GCTaskThread "GC Thread#2" [stack: 0x000000cca7f00000,0x000000cca8000000] [id=13064]
  0x00000211cf7e9390 GCTaskThread "GC Thread#3" [stack: 0x000000cca8000000,0x000000cca8100000] [id=10508]
  0x00000211b71f95a0 ConcurrentGCThread "G1 Main Marker" [stack: 0x000000cca6400000,0x000000cca6500000] [id=11108]
  0x00000211b71fb850 ConcurrentGCThread "G1 Conc#0" [stack: 0x000000cca6500000,0x000000cca6600000] [id=8768]
  0x00000211b724b7a0 ConcurrentGCThread "G1 Refine#0" [stack: 0x000000cca6600000,0x000000cca6700000] [id=7312]
  0x00000211cf7a8b50 ConcurrentGCThread "G1 Refine#1" [stack: 0x000000cca7700000,0x000000cca7800000] [id=12864]
  0x00000211cf793330 ConcurrentGCThread "G1 Refine#2" [stack: 0x000000cca7800000,0x000000cca7900000] [id=740]
  0x00000211b724cc10 ConcurrentGCThread "G1 Young RemSet Sampling" [stack: 0x000000cca6700000,0x000000cca6800000] [id=2456]

Threads with active compile tasks:

VM state: at safepoint (normal execution)

VM Mutex/Monitor currently owned by a thread:  ([mutex/lock_event])
[0x00000211b71c1bc0] Threads_lock - owner thread: 0x00000211ce60ce60
[0x00000211b71c2a60] Heap_lock - owner thread: 0x00000211b71f95a0

Heap address: 0x00000000c1200000, size: 1006 MB, Compressed Oops mode: 32-bit
CDS disabled.
Compressed class space mapped at: 0x0000000100000000-0x0000000140000000, size: 1073741824
Narrow klass base: 0x0000000000000000, Narrow klass shift: 3, Narrow klass range: 0x140000000

GC Precious Log:
 CPUs: 4 total, 4 available
 Memory: 4019M
 Large Page Support: Disabled
 NUMA Support: Disabled
 Compressed Oops: Enabled (32-bit)
 Heap Region Size: 1M
 Heap Min Capacity: 8M
 Heap Initial Capacity: 64M
 Heap Max Capacity: 1006M
 Pre-touch: Disabled
 Parallel Workers: 4
 Concurrent Workers: 1
 Concurrent Refinement Workers: 4
 Periodic GC: Disabled

Heap:
 garbage-first heap   total 71680K, used 40127K [0x00000000c1200000, 0x0000000100000000)
  region size 1024K, 9 young (9216K), 3 survivors (3072K)
 Metaspace       used 64775K, capacity 65421K, committed 65536K, reserved 1112064K
  class space    used 8450K, capacity 8672K, committed 8704K, reserved 1048576K

Heap Regions: E=young(eden), S=young(survivor), O=old, HS=humongous(starts), HC=humongous(continues), CS=collection set, F=free, OA=open archive, CA=closed archive, TAMS=top-at-mark-start (previous, next)
|   0|0x00000000c1200000, 0x00000000c1300000, 0x00000000c1300000|100%|HS|  |TAMS 0x00000000c1300000, 0x00000000c1200000| Complete 
|   1|0x00000000c1300000, 0x00000000c1400000, 0x00000000c1400000|100%| O|  |TAMS 0x00000000c1400000, 0x00000000c1300000| Updating 
|   2|0x00000000c1400000, 0x00000000c1500000, 0x00000000c1500000|100%| O|  |TAMS 0x00000000c1500000, 0x00000000c1400000| Updating 
|   3|0x00000000c1500000, 0x00000000c1600000, 0x00000000c1600000|100%| O|  |TAMS 0x00000000c1600000, 0x00000000c1500000| Updating 
|   4|0x00000000c1600000, 0x00000000c1700000, 0x00000000c1700000|100%| O|  |TAMS 0x00000000c1700000, 0x00000000c1600000| Updating 
|   5|0x00000000c1700000, 0x00000000c1800000, 0x00000000c1800000|100%| O|  |TAMS 0x00000000c1800000, 0x00000000c1700000| Updating 
|   6|0x00000000c1800000, 0x00000000c1854e00, 0x00000000c1900000| 33%| O|  |TAMS 0x00000000c1854e00, 0x00000000c1800000| Updating 
|   7|0x00000000c1900000, 0x00000000c1a00000, 0x00000000c1a00000|100%| O|  |TAMS 0x00000000c1a00000, 0x00000000c1900000| Updating 
|   8|0x00000000c1a00000, 0x00000000c1b00000, 0x00000000c1b00000|100%| O|  |TAMS 0x00000000c1b00000, 0x00000000c1a00000| Updating 
|   9|0x00000000c1b00000, 0x00000000c1c00000, 0x00000000c1c00000|100%| O|  |TAMS 0x00000000c1c00000, 0x00000000c1b00000| Updating 
|  10|0x00000000c1c00000, 0x00000000c1d00000, 0x00000000c1d00000|100%| O|  |TAMS 0x00000000c1d00000, 0x00000000c1c00000| Updating 
|  11|0x00000000c1d00000, 0x00000000c1e00000, 0x00000000c1e00000|100%| O|  |TAMS 0x00000000c1e00000, 0x00000000c1d00000| Updating 
|  12|0x00000000c1e00000, 0x00000000c1f00000, 0x00000000c1f00000|100%| O|  |TAMS 0x00000000c1f00000, 0x00000000c1e00000| Updating 
|  13|0x00000000c1f00000, 0x00000000c2000000, 0x00000000c2000000|100%| O|  |TAMS 0x00000000c2000000, 0x00000000c1f00000| Updating 
|  14|0x00000000c2000000, 0x00000000c2100000, 0x00000000c2100000|100%| O|  |TAMS 0x00000000c2100000, 0x00000000c2000000| Updating 
|  15|0x00000000c2100000, 0x00000000c2200000, 0x00000000c2200000|100%| O|  |TAMS 0x00000000c2200000, 0x00000000c2100000| Updating 
|  16|0x00000000c2200000, 0x00000000c2300000, 0x00000000c2300000|100%| O|  |TAMS 0x00000000c2300000, 0x00000000c2200000| Updating 
|  17|0x00000000c2300000, 0x00000000c2400000, 0x00000000c2400000|100%| O|  |TAMS 0x00000000c2400000, 0x00000000c2300000| Updating 
|  18|0x00000000c2400000, 0x00000000c2500000, 0x00000000c2500000|100%| O|  |TAMS 0x00000000c2500000, 0x00000000c2400000| Updating 
|  19|0x00000000c2500000, 0x00000000c2600000, 0x00000000c2600000|100%| O|  |TAMS 0x00000000c2600000, 0x00000000c2500000| Updating 
|  20|0x00000000c2600000, 0x00000000c2700000, 0x00000000c2700000|100%| O|  |TAMS 0x00000000c2700000, 0x00000000c2600000| Updating 
|  21|0x00000000c2700000, 0x00000000c2800000, 0x00000000c2800000|100%| O|  |TAMS 0x00000000c2800000, 0x00000000c2700000| Updating 
|  22|0x00000000c2800000, 0x00000000c2900000, 0x00000000c2900000|100%| O|  |TAMS 0x00000000c2900000, 0x00000000c2800000| Updating 
|  23|0x00000000c2900000, 0x00000000c2a00000, 0x00000000c2a00000|100%| O|  |TAMS 0x00000000c2a00000, 0x00000000c2900000| Updating 
|  24|0x00000000c2a00000, 0x00000000c2b00000, 0x00000000c2b00000|100%| O|  |TAMS 0x00000000c2b00000, 0x00000000c2a00000| Updating 
|  25|0x00000000c2b00000, 0x00000000c2c00000, 0x00000000c2c00000|100%| O|  |TAMS 0x00000000c2c00000, 0x00000000c2b00000| Updating 
|  26|0x00000000c2c00000, 0x00000000c2d00000, 0x00000000c2d00000|100%| O|  |TAMS 0x00000000c2d00000, 0x00000000c2c00000| Updating 
|  27|0x00000000c2d00000, 0x00000000c2e00000, 0x00000000c2e00000|100%| O|  |TAMS 0x00000000c2e00000, 0x00000000c2d00000| Updating 
|  28|0x00000000c2e00000, 0x00000000c2f00000, 0x00000000c2f00000|100%| O|  |TAMS 0x00000000c2f00000, 0x00000000c2e00000| Updating 
|  29|0x00000000c2f00000, 0x00000000c3000000, 0x00000000c3000000|100%| O|  |TAMS 0x00000000c3000000, 0x00000000c2f00000| Updating 
|  30|0x00000000c3000000, 0x00000000c3100000, 0x00000000c3100000|100%| O|  |TAMS 0x00000000c3100000, 0x00000000c3000000| Updating 
|  31|0x00000000c3100000, 0x00000000c3200000, 0x00000000c3200000|100%| O|  |TAMS 0x00000000c3144e00, 0x00000000c3100000| Updating 
|  32|0x00000000c3200000, 0x00000000c3259800, 0x00000000c3300000| 34%| O|  |TAMS 0x00000000c3200000, 0x00000000c3200000| Updating 
|  33|0x00000000c3300000, 0x00000000c3300000, 0x00000000c3400000|  0%| F|  |TAMS 0x00000000c3300000, 0x00000000c3300000| Untracked 
|  34|0x00000000c3400000, 0x00000000c3400000, 0x00000000c3500000|  0%| F|  |TAMS 0x00000000c3400000, 0x00000000c3400000| Untracked 
|  35|0x00000000c3500000, 0x00000000c3500000, 0x00000000c3600000|  0%| F|  |TAMS 0x00000000c3500000, 0x00000000c3500000| Untracked 
|  36|0x00000000c3600000, 0x00000000c3600000, 0x00000000c3700000|  0%| F|  |TAMS 0x00000000c3600000, 0x00000000c3600000| Untracked 
|  37|0x00000000c3700000, 0x00000000c3700000, 0x00000000c3800000|  0%| F|  |TAMS 0x00000000c3700000, 0x00000000c3700000| Untracked 
|  38|0x00000000c3800000, 0x00000000c3800000, 0x00000000c3900000|  0%| F|  |TAMS 0x00000000c3800000, 0x00000000c3800000| Untracked 
|  39|0x00000000c3900000, 0x00000000c3981650, 0x00000000c3a00000| 50%| S|CS|TAMS 0x00000000c3900000, 0x00000000c3900000| Complete 
|  40|0x00000000c3a00000, 0x00000000c3b00000, 0x00000000c3b00000|100%| S|CS|TAMS 0x00000000c3a00000, 0x00000000c3a00000| Complete 
|  41|0x00000000c3b00000, 0x00000000c3c00000, 0x00000000c3c00000|100%| S|CS|TAMS 0x00000000c3b00000, 0x00000000c3b00000| Complete 
|  42|0x00000000c3c00000, 0x00000000c3c00000, 0x00000000c3d00000|  0%| F|  |TAMS 0x00000000c3c00000, 0x00000000c3c00000| Untracked 
|  43|0x00000000c3d00000, 0x00000000c3d00000, 0x00000000c3e00000|  0%| F|  |TAMS 0x00000000c3d00000, 0x00000000c3d00000| Untracked 
|  44|0x00000000c3e00000, 0x00000000c3e00000, 0x00000000c3f00000|  0%| F|  |TAMS 0x00000000c3e00000, 0x00000000c3e00000| Untracked 
|  45|0x00000000c3f00000, 0x00000000c3f00000, 0x00000000c4000000|  0%| F|  |TAMS 0x00000000c3f00000, 0x00000000c3f00000| Untracked 
|  46|0x00000000c4000000, 0x00000000c4000000, 0x00000000c4100000|  0%| F|  |TAMS 0x00000000c4000000, 0x00000000c4000000| Untracked 
|  47|0x00000000c4100000, 0x00000000c4100000, 0x00000000c4200000|  0%| F|  |TAMS 0x00000000c4100000, 0x00000000c4100000| Untracked 
|  48|0x00000000c4200000, 0x00000000c4200000, 0x00000000c4300000|  0%| F|  |TAMS 0x00000000c4200000, 0x00000000c4200000| Untracked 
|  49|0x00000000c4300000, 0x00000000c4300000, 0x00000000c4400000|  0%| F|  |TAMS 0x00000000c4300000, 0x00000000c4300000| Untracked 
|  50|0x00000000c4400000, 0x00000000c4400000, 0x00000000c4500000|  0%| F|  |TAMS 0x00000000c4400000, 0x00000000c4400000| Untracked 
|  51|0x00000000c4500000, 0x00000000c4500000, 0x00000000c4600000|  0%| F|  |TAMS 0x00000000c4500000, 0x00000000c4500000| Untracked 
|  52|0x00000000c4600000, 0x00000000c4600000, 0x00000000c4700000|  0%| F|  |TAMS 0x00000000c4600000, 0x00000000c4600000| Untracked 
|  53|0x00000000c4700000, 0x00000000c4700000, 0x00000000c4800000|  0%| F|  |TAMS 0x00000000c4700000, 0x00000000c4700000| Untracked 
|  54|0x00000000c4800000, 0x00000000c488ba50, 0x00000000c4900000| 54%| E|  |TAMS 0x00000000c4800000, 0x00000000c4800000| Complete 
|  55|0x00000000c4900000, 0x00000000c4a00000, 0x00000000c4a00000|100%| E|CS|TAMS 0x00000000c4900000, 0x00000000c4900000| Complete 
|  56|0x00000000c4a00000, 0x00000000c4b00000, 0x00000000c4b00000|100%| E|CS|TAMS 0x00000000c4a00000, 0x00000000c4a00000| Complete 
|  57|0x00000000c4b00000, 0x00000000c4c00000, 0x00000000c4c00000|100%| E|CS|TAMS 0x00000000c4b00000, 0x00000000c4b00000| Complete 
|  75|0x00000000c5d00000, 0x00000000c5e00000, 0x00000000c5e00000|100%| E|CS|TAMS 0x00000000c5d00000, 0x00000000c5d00000| Complete 
|  76|0x00000000c5e00000, 0x00000000c5f00000, 0x00000000c5f00000|100%| E|CS|TAMS 0x00000000c5e00000, 0x00000000c5e00000| Complete 

Card table byte_map: [0x00000211c9dd0000,0x00000211c9fd0000] _byte_map_base: 0x00000211c97c7000

Marking Bits (Prev, Next): (CMBitMap*) 0x00000211b71f0d80, (CMBitMap*) 0x00000211b71f0dc0
 Prev Bits: [0x00000211ca1d0000, 0x00000211cb188000)
 Next Bits: [0x00000211cb190000, 0x00000211cc148000)

Polling page: 0x00000211b4fc0000

Metaspace:

Usage:
  Non-class:     55.42 MB capacity,    55.00 MB (>99%) used,   336.13 KB ( <1%) free+waste,    88.00 KB ( <1%) overhead. 
      Class:      8.47 MB capacity,     8.25 MB ( 97%) used,   186.70 KB (  2%) free+waste,    34.56 KB ( <1%) overhead. 
       Both:     63.89 MB capacity,    63.26 MB (>99%) used,   522.83 KB ( <1%) free+waste,   122.56 KB ( <1%) overhead. 

Virtual space:
  Non-class space:       62.00 MB reserved,      55.50 MB ( 90%) committed 
      Class space:        1.00 GB reserved,       8.50 MB ( <1%) committed 
             Both:        1.06 GB reserved,      64.00 MB (  6%) committed 

Chunk freelists:
   Non-Class:  19.00 KB
       Class:  0 bytes
        Both:  19.00 KB

MaxMetaspaceSize: 17179869184.00 GB
CompressedClassSpaceSize: 1.00 GB

CodeHeap 'non-profiled nmethods': size=238912Kb used=10993Kb max_used=10993Kb free=227918Kb
 bounds [0x00000211bb280000, 0x00000211bbd40000, 0x00000211c9bd0000]
CodeHeap 'non-nmethods': size=6848Kb used=1321Kb max_used=1321Kb free=5526Kb
 bounds [0x00000211babd0000, 0x00000211bae40000, 0x00000211bb280000]
 total_blobs=7717 nmethods=7099 adapters=544
 compilation: enabled
              stopped_count=0, restarted_count=0
 full_count=0

Compilation events (20 events):
Event: 25.674 Thread 0x00000211ce678030 7079       1       org.springframework.expression.common.LiteralExpression::<init> (10 bytes)
Event: 25.674 Thread 0x00000211ce678030 nmethod 7079 0x00000211bbd38b90 code [0x00000211bbd38d20, 0x00000211bbd38e18]
Event: 25.674 Thread 0x00000211ce678030 7094       1       org.springframework.asm.MethodWriter::computeMethodInfoSize (557 bytes)
Event: 25.675 Thread 0x00000211ce678030 nmethod 7094 0x00000211bbd38e90 code [0x00000211bbd39140, 0x00000211bbd39988]
Event: 25.675 Thread 0x00000211ce678030 7096       1       org.springframework.asm.MethodWriter::hasFrames (13 bytes)
Event: 25.675 Thread 0x00000211ce678030 nmethod 7096 0x00000211bbd3a010 code [0x00000211bbd3a1a0, 0x00000211bbd3a278]
Event: 25.675 Thread 0x00000211ce678030 7093       1       org.springframework.asm.FieldWriter::computeFieldInfoSize (86 bytes)
Event: 25.676 Thread 0x00000211ce678030 nmethod 7093 0x00000211bbd3a310 code [0x00000211bbd3a4e0, 0x00000211bbd3a6b8]
Event: 25.676 Thread 0x00000211ce678030 7095       1       org.springframework.asm.FieldWriter::putFieldInfo (269 bytes)
Event: 25.676 Thread 0x00000211ce678030 nmethod 7095 0x00000211bbd3a810 code [0x00000211bbd3aa40, 0x00000211bbd3ae48]
Event: 25.676 Thread 0x00000211ce678030 7082       1       org.springframework.core.annotation.AnnotationAttributes::getBoolean (14 bytes)
Event: 25.677 Thread 0x00000211ce678030 nmethod 7082 0x00000211bbd3b190 code [0x00000211bbd3b340, 0x00000211bbd3b468]
Event: 25.677 Thread 0x00000211ce678030 7098   !   1       com.sun.proxy.$Proxy11::annotation (29 bytes)
Event: 25.677 Thread 0x00000211ce678030 nmethod 7098 0x00000211bbd3b510 code [0x00000211bbd3b6c0, 0x00000211bbd3b8d8]
Event: 25.677 Thread 0x00000211ce678030 7092       1       org.springframework.cglib.core.CodeEmitter::invoke_static (8 bytes)
Event: 25.677 Thread 0x00000211ce678030 nmethod 7092 0x00000211bbd3ba10 code [0x00000211bbd3bba0, 0x00000211bbd3bc88]
Event: 25.677 Thread 0x00000211ce678030 7099       1       org.springframework.beans.factory.support.AbstractAutowireCapableBeanFactory::applyBeanPostProcessorsAfterInitialization (61 bytes)
Event: 25.677 Thread 0x00000211ce678030 nmethod 7099 0x00000211bbd3bd10 code [0x00000211bbd3bee0, 0x00000211bbd3c0f8]
Event: 25.677 Thread 0x00000211ce678030 7097       1       java.lang.System$2::defineClass (14 bytes)
Event: 25.677 Thread 0x00000211ce678030 nmethod 7097 0x00000211bbd3c290 code [0x00000211bbd3c420, 0x00000211bbd3c508]

GC Heap History (20 events):
Event: 19.234 GC heap before
{Heap before GC invocations=28 (full 0):
 garbage-first heap   total 50176K, used 36752K [0x00000000c1200000, 0x0000000100000000)
  region size 1024K, 14 young (14336K), 2 survivors (2048K)
 Metaspace       used 50917K, capacity 51511K, committed 51584K, reserved 1093632K
  class space    used 6492K, capacity 6727K, committed 6784K, reserved 1048576K
}
Event: 19.236 GC heap after
{Heap after GC invocations=29 (full 0):
 garbage-first heap   total 50176K, used 26291K [0x00000000c1200000, 0x0000000100000000)
  region size 1024K, 2 young (2048K), 2 survivors (2048K)
 Metaspace       used 50917K, capacity 51511K, committed 51584K, reserved 1093632K
  class space    used 6492K, capacity 6727K, committed 6784K, reserved 1048576K
}
Event: 19.593 GC heap before
{Heap before GC invocations=29 (full 0):
 garbage-first heap   total 50176K, used 39603K [0x00000000c1200000, 0x0000000100000000)
  region size 1024K, 15 young (15360K), 2 survivors (2048K)
 Metaspace       used 52753K, capacity 53344K, committed 53632K, reserved 1095680K
  class space    used 6745K, capacity 6953K, committed 7040K, reserved 1048576K
}
Event: 19.597 GC heap after
{Heap after GC invocations=30 (full 0):
 garbage-first heap   total 50176K, used 27299K [0x00000000c1200000, 0x0000000100000000)
  region size 1024K, 2 young (2048K), 2 survivors (2048K)
 Metaspace       used 52753K, capacity 53344K, committed 53632K, reserved 1095680K
  class space    used 6745K, capacity 6953K, committed 7040K, reserved 1048576K
}
Event: 20.101 GC heap before
{Heap before GC invocations=31 (full 0):
 garbage-first heap   total 51200K, used 38563K [0x00000000c1200000, 0x0000000100000000)
  region size 1024K, 14 young (14336K), 2 survivors (2048K)
 Metaspace       used 55113K, capacity 55673K, committed 55936K, reserved 1097728K
  class space    used 7045K, capacity 7251K, committed 7296K, reserved 1048576K
}
Event: 20.105 GC heap after
{Heap after GC invocations=32 (full 0):
 garbage-first heap   total 51200K, used 28421K [0x00000000c1200000, 0x0000000100000000)
  region size 1024K, 2 young (2048K), 2 survivors (2048K)
 Metaspace       used 55113K, capacity 55673K, committed 55936K, reserved 1097728K
  class space    used 7045K, capacity 7251K, committed 7296K, reserved 1048576K
}
Event: 21.058 GC heap before
{Heap before GC invocations=32 (full 0):
 garbage-first heap   total 51200K, used 38661K [0x00000000c1200000, 0x0000000100000000)
  region size 1024K, 13 young (13312K), 2 survivors (2048K)
 Metaspace       used 57951K, capacity 58548K, committed 58752K, reserved 1099776K
  class space    used 7523K, capacity 7738K, committed 7808K, reserved 1048576K
}
Event: 21.062 GC heap after
{Heap after GC invocations=33 (full 0):
 garbage-first heap   total 51200K, used 29042K [0x00000000c1200000, 0x0000000100000000)
  region size 1024K, 1 young (1024K), 1 survivors (1024K)
 Metaspace       used 57951K, capacity 58548K, committed 58752K, reserved 1099776K
  class space    used 7523K, capacity 7738K, committed 7808K, reserved 1048576K
}
Event: 21.457 GC heap before
{Heap before GC invocations=34 (full 0):
 garbage-first heap   total 55296K, used 40306K [0x00000000c1200000, 0x0000000100000000)
  region size 1024K, 12 young (12288K), 1 survivors (1024K)
 Metaspace       used 58091K, capacity 58688K, committed 59008K, reserved 1099776K
  class space    used 7542K, capacity 7741K, committed 7808K, reserved 1048576K
}
Event: 21.459 GC heap after
{Heap after GC invocations=35 (full 0):
 garbage-first heap   total 55296K, used 29237K [0x00000000c1200000, 0x0000000100000000)
  region size 1024K, 1 young (1024K), 1 survivors (1024K)
 Metaspace       used 58091K, capacity 58688K, committed 59008K, reserved 1099776K
  class space    used 7542K, capacity 7741K, committed 7808K, reserved 1048576K
}
Event: 21.903 GC heap before
{Heap before GC invocations=35 (full 0):
 garbage-first heap   total 55296K, used 44597K [0x00000000c1200000, 0x0000000100000000)
  region size 1024K, 16 young (16384K), 1 survivors (1024K)
 Metaspace       used 58784K, capacity 59399K, committed 59648K, reserved 1101824K
  class space    used 7632K, capacity 7846K, committed 7936K, reserved 1048576K
}
Event: 21.906 GC heap after
{Heap after GC invocations=36 (full 0):
 garbage-first heap   total 55296K, used 29541K [0x00000000c1200000, 0x0000000100000000)
  region size 1024K, 2 young (2048K), 2 survivors (2048K)
 Metaspace       used 58784K, capacity 59399K, committed 59648K, reserved 1101824K
  class space    used 7632K, capacity 7846K, committed 7936K, reserved 1048576K
}
Event: 22.915 GC heap before
{Heap before GC invocations=37 (full 0):
 garbage-first heap   total 56320K, used 43877K [0x00000000c1200000, 0x0000000100000000)
  region size 1024K, 16 young (16384K), 2 survivors (2048K)
 Metaspace       used 60189K, capacity 60839K, committed 61184K, reserved 1107968K
  class space    used 7842K, capacity 8070K, committed 8192K, reserved 1048576K
}
Event: 22.921 GC heap after
{Heap after GC invocations=38 (full 0):
 garbage-first heap   total 56320K, used 30883K [0x00000000c1200000, 0x0000000100000000)
  region size 1024K, 2 young (2048K), 2 survivors (2048K)
 Metaspace       used 60189K, capacity 60839K, committed 61184K, reserved 1107968K
  class space    used 7842K, capacity 8070K, committed 8192K, reserved 1048576K
}
Event: 24.888 GC heap before
{Heap before GC invocations=38 (full 0):
 garbage-first heap   total 56320K, used 46243K [0x00000000c1200000, 0x0000000100000000)
  region size 1024K, 17 young (17408K), 2 survivors (2048K)
 Metaspace       used 60937K, capacity 61581K, committed 61696K, reserved 1107968K
  class space    used 7934K, capacity 8167K, committed 8192K, reserved 1048576K
}
Event: 24.894 GC heap after
{Heap after GC invocations=39 (full 0):
 garbage-first heap   total 56320K, used 31981K [0x00000000c1200000, 0x0000000100000000)
  region size 1024K, 3 young (3072K), 3 survivors (3072K)
 Metaspace       used 60937K, capacity 61581K, committed 61696K, reserved 1107968K
  class space    used 7934K, capacity 8167K, committed 8192K, reserved 1048576K
}
Event: 25.196 GC heap before
{Heap before GC invocations=40 (full 0):
 garbage-first heap   total 61440K, used 45293K [0x00000000c1200000, 0x0000000100000000)
  region size 1024K, 16 young (16384K), 3 survivors (3072K)
 Metaspace       used 62609K, capacity 63237K, committed 63488K, reserved 1110016K
  class space    used 8153K, capacity 8398K, committed 8448K, reserved 1048576K
}
Event: 25.203 GC heap after
{Heap after GC invocations=41 (full 0):
 garbage-first heap   total 61440K, used 33383K [0x00000000c1200000, 0x0000000100000000)
  region size 1024K, 2 young (2048K), 2 survivors (2048K)
 Metaspace       used 62609K, capacity 63237K, committed 63488K, reserved 1110016K
  class space    used 8153K, capacity 8398K, committed 8448K, reserved 1048576K
}
Event: 25.608 GC heap before
{Heap before GC invocations=41 (full 0):
 garbage-first heap   total 61440K, used 49767K [0x00000000c1200000, 0x0000000100000000)
  region size 1024K, 18 young (18432K), 2 survivors (2048K)
 Metaspace       used 64651K, capacity 65257K, committed 65536K, reserved 1112064K
  class space    used 8440K, capacity 8664K, committed 8704K, reserved 1048576K
}
Event: 25.615 GC heap after
{Heap after GC invocations=42 (full 0):
 garbage-first heap   total 61440K, used 35007K [0x00000000c1200000, 0x0000000100000000)
  region size 1024K, 3 young (3072K), 3 survivors (3072K)
 Metaspace       used 64651K, capacity 65257K, committed 65536K, reserved 1112064K
  class space    used 8440K, capacity 8664K, committed 8704K, reserved 1048576K
}

Deoptimization events (4 events):
Event: 7.159 Thread 0x00000211cf0e43d0 DEOPT PACKING pc=0x00000211bb5b9fbc sp=0x000000cca7efc710
Event: 7.159 Thread 0x00000211cf0e43d0 DEOPT UNPACKING pc=0x00000211bac1e23f sp=0x000000cca7efbc68 mode 0
Event: 24.898 Thread 0x00000211cf0e43d0 DEOPT PACKING pc=0x00000211bb558542 sp=0x000000cca7efb1f0
Event: 24.898 Thread 0x00000211cf0e43d0 DEOPT UNPACKING pc=0x00000211bac1e23f sp=0x000000cca7efa6f8 mode 3

Classes unloaded (0 events):
No events

Classes redefined (0 events):
No events

Internal exceptions (20 events):
Event: 25.233 Thread 0x00000211cf0e43d0 Exception <a 'java/lang/ClassNotFoundException'{0x00000000c4b9c4c0}: java/lang/ObjectCustomizer> (0x00000000c4b9c4c0) 
thrown [./open/src/hotspot/share/classfile/systemDictionary.cpp, line 295]
Event: 25.233 Thread 0x00000211cf0e43d0 Exception <a 'java/lang/ClassNotFoundException'{0x00000000c4ba6cf8}: com/pfa/jobseeking/model/user/RoleCustomizer> (0x00000000c4ba6cf8) 
thrown [./open/src/hotspot/share/classfile/systemDictionary.cpp, line 295]
Event: 25.235 Thread 0x00000211cf0e43d0 Exception <a 'java/lang/ClassNotFoundException'{0x00000000c4bcc3d8}: java/lang/ObjectCustomizer> (0x00000000c4bcc3d8) 
thrown [./open/src/hotspot/share/classfile/systemDictionary.cpp, line 295]
Event: 25.235 Thread 0x00000211cf0e43d0 Exception <a 'java/lang/ClassNotFoundException'{0x00000000c4bd6940}: com/pfa/jobseeking/model/user/UserCustomizer> (0x00000000c4bd6940) 
thrown [./open/src/hotspot/share/classfile/systemDictionary.cpp, line 295]
Event: 25.241 Thread 0x00000211cf0e43d0 Exception <a 'java/lang/ClassNotFoundException'{0x00000000c4a58d48}: java/lang/ObjectCustomizer> (0x00000000c4a58d48) 
thrown [./open/src/hotspot/share/classfile/systemDictionary.cpp, line 295]
Event: 25.241 Thread 0x00000211cf0e43d0 Exception <a 'java/lang/ClassNotFoundException'{0x00000000c4a626a8}: com/pfa/jobseeking/model/offer/JobTypeCustomizer> (0x00000000c4a626a8) 
thrown [./open/src/hotspot/share/classfile/systemDictionary.cpp, line 295]
Event: 25.243 Thread 0x00000211cf0e43d0 Exception <a 'java/lang/ClassNotFoundException'{0x00000000c4a89e18}: java/lang/ObjectCustomizer> (0x00000000c4a89e18) 
thrown [./open/src/hotspot/share/classfile/systemDictionary.cpp, line 295]
Event: 25.244 Thread 0x00000211cf0e43d0 Exception <a 'java/lang/ClassNotFoundException'{0x00000000c4a943a0}: com/pfa/jobseeking/model/offer/OfferCustomizer> (0x00000000c4a943a0) 
thrown [./open/src/hotspot/share/classfile/systemDictionary.cpp, line 295]
Event: 25.244 Thread 0x00000211cf0e43d0 Exception <a 'java/lang/ClassNotFoundException'{0x00000000c4aaa8f0}: com/pfa/jobseeking/model/offer/JobOfferCustomizer> (0x00000000c4aaa8f0) 
thrown [./open/src/hotspot/share/classfile/systemDictionary.cpp, line 295]
Event: 25.251 Thread 0x00000211cf0e43d0 Exception <a 'java/lang/ClassNotFoundException'{0x00000000c493e4d0}: java/lang/ObjectCustomizer> (0x00000000c493e4d0) 
thrown [./open/src/hotspot/share/classfile/systemDictionary.cpp, line 295]
Event: 25.252 Thread 0x00000211cf0e43d0 Exception <a 'java/lang/ClassNotFoundException'{0x00000000c4947f80}: com/pfa/jobseeking/model/seeker/CoverLetterCustomizer> (0x00000000c4947f80) 
thrown [./open/src/hotspot/share/classfile/systemDictionary.cpp, line 295]
Event: 25.265 Thread 0x00000211cf0e43d0 Exception <a 'java/lang/IncompatibleClassChangeError'{0x00000000c48472b0}: Found class java.lang.Object, but interface was expected> (0x00000000c48472b0) 
thrown [./open/src/hotspot/share/interpreter/linkResolver.cpp, line 848]
Event: 25.354 Thread 0x00000211cf0e43d0 Exception <a 'java/lang/reflect/InvocationTargetException'{0x00000000c4402b68}> (0x00000000c4402b68) 
thrown [./open/src/hotspot/share/runtime/reflection.cpp, line 1157]
Event: 25.385 Thread 0x00000211cf0e43d0 Exception <a 'java/lang/NoSuchMethodError'{0x00000000c4481268}: 'java.lang.Object java.lang.invoke.DirectMethodHandle$Holder.invokeStatic(java.lang.Object, java.lang.Object, int, java.lang.Object)'> (0x00000000c4481268) 
thrown [./open/src/hotspot/share/interpreter/linkResolver.cpp, line 782]
Event: 25.386 Thread 0x00000211cf0e43d0 Exception <a 'java/lang/NoSuchMethodError'{0x00000000c4489338}: 'java.lang.Object java.lang.invoke.DirectMethodHandle$Holder.newInvokeSpecial(java.lang.Object, java.lang.Object, int)'> (0x00000000c4489338) 
thrown [./open/src/hotspot/share/interpreter/linkResolver.cpp, line 782]
Event: 25.390 Thread 0x00000211cf0e43d0 Exception <a 'java/lang/IncompatibleClassChangeError'{0x00000000c44b7328}: Found class java.lang.Object, but interface was expected> (0x00000000c44b7328) 
thrown [./open/src/hotspot/share/interpreter/linkResolver.cpp, line 848]
Event: 25.453 Thread 0x00000211cf0e43d0 Exception <a 'java/lang/reflect/InvocationTargetException'{0x00000000c42607e8}> (0x00000000c42607e8) 
thrown [./open/src/hotspot/share/runtime/reflection.cpp, line 1157]
Event: 25.620 Thread 0x00000211cf0e43d0 Exception <a 'java/lang/reflect/InvocationTargetException'{0x00000000c5e83bc8}> (0x00000000c5e83bc8) 
thrown [./open/src/hotspot/share/runtime/reflection.cpp, line 1157]
Event: 25.637 Thread 0x00000211cf0e43d0 Exception <a 'java/lang/reflect/InvocationTargetException'{0x00000000c4b3da10}> (0x00000000c4b3da10) 
thrown [./open/src/hotspot/share/runtime/reflection.cpp, line 1157]
Event: 25.639 Thread 0x00000211cf0e43d0 Exception <a 'java/lang/reflect/InvocationTargetException'{0x00000000c4b4d878}> (0x00000000c4b4d878) 
thrown [./open/src/hotspot/share/runtime/reflection.cpp, line 1157]

Events (20 events):
Event: 25.380 loading class java/lang/Character$Subset
Event: 25.380 loading class java/lang/Character$Subset done
Event: 25.380 loading class java/lang/Character$UnicodeBlock done
Event: 25.383 loading class java/util/regex/Pattern$Pos
Event: 25.383 loading class java/util/regex/Pattern$Pos done
Event: 25.383 loading class java/util/regex/Pattern$StartS
Event: 25.383 loading class java/util/regex/Pattern$StartS done
Event: 25.439 loading class java/util/regex/Pattern$Behind
Event: 25.440 loading class java/util/regex/Pattern$Behind done
Event: 25.440 loading class java/util/regex/Pattern$GroupCurly
Event: 25.440 loading class java/util/regex/Pattern$GroupCurly done
Event: 25.587 loading class sun/reflect/ReflectionFactory
Event: 25.595 loading class sun/reflect/ReflectionFactory done
Event: 25.595 loading class sun/reflect/ReflectionFactory$1
Event: 25.595 loading class sun/reflect/ReflectionFactory$1 done
Event: 25.595 loading class java/io/OptionalDataException
Event: 25.596 loading class java/io/OptionalDataException done
Event: 25.608 Executing VM operation: G1CollectForAllocation
Event: 25.615 Executing VM operation: G1CollectForAllocation done
Event: 25.678 Executing VM operation: G1Concurrent


Dynamic libraries:
0x00007ff7e5e30000 - 0x00007ff7e5e3d000 	C:\Users\USER\.p2\pool\plugins\org.eclipse.justj.openjdk.hotspot.jre.full.win32.x86_64_15.0.1.v20201027-0507\jre\bin\javaw.exe
0x00007ffbb2730000 - 0x00007ffbb2925000 	C:\WINDOWS\SYSTEM32\ntdll.dll
0x00007ffbb1130000 - 0x00007ffbb11ed000 	C:\WINDOWS\System32\KERNEL32.DLL
0x00007ffbb0110000 - 0x00007ffbb03d8000 	C:\WINDOWS\System32\KERNELBASE.dll
0x00007ffbb0540000 - 0x00007ffbb0640000 	C:\WINDOWS\System32\ucrtbase.dll
0x00007ffb9dfc0000 - 0x00007ffb9dfd8000 	C:\Users\USER\.p2\pool\plugins\org.eclipse.justj.openjdk.hotspot.jre.full.win32.x86_64_15.0.1.v20201027-0507\jre\bin\jli.dll
0x00007ffb9dfa0000 - 0x00007ffb9dfb9000 	C:\Users\USER\.p2\pool\plugins\org.eclipse.justj.openjdk.hotspot.jre.full.win32.x86_64_15.0.1.v20201027-0507\jre\bin\VCRUNTIME140.dll
0x00007ffb990c0000 - 0x00007ffb9935a000 	C:\WINDOWS\WinSxS\amd64_microsoft.windows.common-controls_6595b64144ccf1df_6.0.19041.1052_none_60b8f8fd71f5e8cb\COMCTL32.dll
0x00007ffbb15c0000 - 0x00007ffbb1760000 	C:\WINDOWS\System32\USER32.dll
0x00007ffbb0cb0000 - 0x00007ffbb0d4e000 	C:\WINDOWS\System32\msvcrt.dll
0x00007ffbaffa0000 - 0x00007ffbaffc2000 	C:\WINDOWS\System32\win32u.dll
0x00007ffbb2000000 - 0x00007ffbb202a000 	C:\WINDOWS\System32\GDI32.dll
0x00007ffbafe40000 - 0x00007ffbaff4b000 	C:\WINDOWS\System32\gdi32full.dll
0x00007ffbb06d0000 - 0x00007ffbb076d000 	C:\WINDOWS\System32\msvcp_win.dll
0x00007ffbb1760000 - 0x00007ffbb1790000 	C:\WINDOWS\System32\IMM32.DLL
0x00007ffbabea0000 - 0x00007ffbabeac000 	C:\Users\USER\.p2\pool\plugins\org.eclipse.justj.openjdk.hotspot.jre.full.win32.x86_64_15.0.1.v20201027-0507\jre\bin\vcruntime140_1.dll
0x00007ffb716e0000 - 0x00007ffb71771000 	C:\Users\USER\.p2\pool\plugins\org.eclipse.justj.openjdk.hotspot.jre.full.win32.x86_64_15.0.1.v20201027-0507\jre\bin\msvcp140.dll
0x00007ffb6f530000 - 0x00007ffb7008e000 	C:\Users\USER\.p2\pool\plugins\org.eclipse.justj.openjdk.hotspot.jre.full.win32.x86_64_15.0.1.v20201027-0507\jre\bin\server\jvm.dll
0x00007ffbb0890000 - 0x00007ffbb093c000 	C:\WINDOWS\System32\ADVAPI32.dll
0x00007ffbb0b30000 - 0x00007ffbb0bcb000 	C:\WINDOWS\System32\sechost.dll
0x00007ffbb0960000 - 0x00007ffbb0a8b000 	C:\WINDOWS\System32\RPCRT4.dll
0x00007ffbb0c90000 - 0x00007ffbb0c98000 	C:\WINDOWS\System32\PSAPI.DLL
0x00007ffba5840000 - 0x00007ffba5867000 	C:\WINDOWS\SYSTEM32\WINMM.dll
0x00007ffba3e00000 - 0x00007ffba3e09000 	C:\WINDOWS\SYSTEM32\WSOCK32.dll
0x00007ffba5a60000 - 0x00007ffba5a6a000 	C:\WINDOWS\SYSTEM32\VERSION.dll
0x00007ffbb1550000 - 0x00007ffbb15bb000 	C:\WINDOWS\System32\WS2_32.dll
0x00007ffbadd90000 - 0x00007ffbadda2000 	C:\WINDOWS\SYSTEM32\kernel.appcore.dll
0x00007ffbabeb0000 - 0x00007ffbabeba000 	C:\Users\USER\.p2\pool\plugins\org.eclipse.justj.openjdk.hotspot.jre.full.win32.x86_64_15.0.1.v20201027-0507\jre\bin\jimage.dll
0x00007ffb98ca0000 - 0x00007ffb98e84000 	C:\WINDOWS\SYSTEM32\DBGHELP.DLL
0x00007ffb98f90000 - 0x00007ffb98fbc000 	C:\WINDOWS\SYSTEM32\dbgcore.DLL
0x00007ffbb0080000 - 0x00007ffbb0103000 	C:\WINDOWS\System32\bcryptPrimitives.dll
0x00007ffb771f0000 - 0x00007ffb77215000 	C:\Users\USER\.p2\pool\plugins\org.eclipse.justj.openjdk.hotspot.jre.full.win32.x86_64_15.0.1.v20201027-0507\jre\bin\java.dll
0x00007ffb9df20000 - 0x00007ffb9df38000 	C:\Users\USER\.p2\pool\plugins\org.eclipse.justj.openjdk.hotspot.jre.full.win32.x86_64_15.0.1.v20201027-0507\jre\bin\zip.dll
0x00007ffbb1790000 - 0x00007ffbb1ecf000 	C:\WINDOWS\System32\SHELL32.dll
0x00007ffbae060000 - 0x00007ffbae7f0000 	C:\WINDOWS\SYSTEM32\windows.storage.dll
0x00007ffbb11f0000 - 0x00007ffbb1545000 	C:\WINDOWS\System32\combase.dll
0x00007ffbaf8b0000 - 0x00007ffbaf8dc000 	C:\WINDOWS\SYSTEM32\Wldp.dll
0x00007ffbb25b0000 - 0x00007ffbb265e000 	C:\WINDOWS\System32\SHCORE.dll
0x00007ffbb0c30000 - 0x00007ffbb0c85000 	C:\WINDOWS\System32\shlwapi.dll
0x00007ffbafd80000 - 0x00007ffbafd9f000 	C:\WINDOWS\SYSTEM32\profapi.dll
0x00007ffb91f60000 - 0x00007ffb91f79000 	C:\Users\USER\.p2\pool\plugins\org.eclipse.justj.openjdk.hotspot.jre.full.win32.x86_64_15.0.1.v20201027-0507\jre\bin\net.dll
0x00007ffba2d50000 - 0x00007ffba2e5b000 	C:\WINDOWS\SYSTEM32\WINHTTP.dll
0x00007ffbaf620000 - 0x00007ffbaf68a000 	C:\WINDOWS\system32\mswsock.dll
0x00007ffb76de0000 - 0x00007ffb76df2000 	C:\Users\USER\.p2\pool\plugins\org.eclipse.justj.openjdk.hotspot.jre.full.win32.x86_64_15.0.1.v20201027-0507\jre\bin\nio.dll
0x00007ffb9df90000 - 0x00007ffb9df99000 	C:\Users\USER\.p2\pool\plugins\org.eclipse.justj.openjdk.hotspot.jre.full.win32.x86_64_15.0.1.v20201027-0507\jre\bin\management.dll
0x00007ffb9df80000 - 0x00007ffb9df8b000 	C:\Users\USER\.p2\pool\plugins\org.eclipse.justj.openjdk.hotspot.jre.full.win32.x86_64_15.0.1.v20201027-0507\jre\bin\management_ext.dll
0x00007ffb9dd80000 - 0x00007ffb9dd97000 	C:\WINDOWS\system32\napinsp.dll
0x00007ffb9dd60000 - 0x00007ffb9dd7b000 	C:\WINDOWS\system32\pnrpnsp.dll
0x00007ffb91ac0000 - 0x00007ffb91ad5000 	C:\WINDOWS\system32\wshbth.dll
0x00007ffbaba00000 - 0x00007ffbaba1d000 	C:\WINDOWS\system32\NLAapi.dll
0x00007ffbaf2c0000 - 0x00007ffbaf2fb000 	C:\WINDOWS\SYSTEM32\IPHLPAPI.DLL
0x00007ffbaf310000 - 0x00007ffbaf3dc000 	C:\WINDOWS\SYSTEM32\DNSAPI.dll
0x00007ffbb0b20000 - 0x00007ffbb0b28000 	C:\WINDOWS\System32\NSI.dll
0x00007ffb91aa0000 - 0x00007ffb91ab2000 	C:\WINDOWS\System32\winrnr.dll
0x00007ffba57f0000 - 0x00007ffba57fa000 	C:\Windows\System32\rasadhlp.dll
0x00007ffba2aa0000 - 0x00007ffba2b1f000 	C:\WINDOWS\System32\fwpuclnt.dll
0x00007ffbb06a0000 - 0x00007ffbb06c7000 	C:\WINDOWS\System32\bcrypt.dll
0x00007ffbaf800000 - 0x00007ffbaf818000 	C:\WINDOWS\SYSTEM32\CRYPTSP.dll
0x00007ffbaef50000 - 0x00007ffbaef84000 	C:\WINDOWS\system32\rsaenh.dll
0x00007ffbafd40000 - 0x00007ffbafd6e000 	C:\WINDOWS\SYSTEM32\USERENV.dll
0x00007ffbaf7f0000 - 0x00007ffbaf7fc000 	C:\WINDOWS\SYSTEM32\CRYPTBASE.dll
0x00007ffba5950000 - 0x00007ffba5967000 	C:\WINDOWS\SYSTEM32\dhcpcsvc6.DLL
0x00007ffba5a70000 - 0x00007ffba5a8d000 	C:\WINDOWS\SYSTEM32\dhcpcsvc.DLL
0x00007ffbabef0000 - 0x00007ffbabf00000 	C:\Users\USER\.p2\pool\plugins\org.eclipse.justj.openjdk.hotspot.jre.full.win32.x86_64_15.0.1.v20201027-0507\jre\bin\verify.dll
0x00007ffbabec0000 - 0x00007ffbabecd000 	C:\Users\USER\.p2\pool\plugins\org.eclipse.justj.openjdk.hotspot.jre.full.win32.x86_64_15.0.1.v20201027-0507\jre\bin\sunmscapi.dll
0x00007ffbb03e0000 - 0x00007ffbb053f000 	C:\WINDOWS\System32\CRYPT32.dll
0x00007ffbaf920000 - 0x00007ffbaf947000 	C:\WINDOWS\SYSTEM32\ncrypt.dll
0x00007ffbaf8e0000 - 0x00007ffbaf91b000 	C:\WINDOWS\SYSTEM32\NTASN1.dll

dbghelp: loaded successfully - version: 4.0.5 - missing functions: none
symbol engine: initialized successfully - sym options: 0x614 - pdb path: .;C:\Users\USER\.p2\pool\plugins\org.eclipse.justj.openjdk.hotspot.jre.full.win32.x86_64_15.0.1.v20201027-0507\jre\bin;C:\WINDOWS\SYSTEM32;C:\WINDOWS\WinSxS\amd64_microsoft.windows.common-controls_6595b64144ccf1df_6.0.19041.1052_none_60b8f8fd71f5e8cb;C:\Users\USER\.p2\pool\plugins\org.eclipse.justj.openjdk.hotspot.jre.full.win32.x86_64_15.0.1.v20201027-0507\jre\bin\server

VM Arguments:
jvm_args: -Dcom.sun.management.jmxremote -Dcom.sun.management.jmxremote.port=59230 -Dcom.sun.management.jmxremote.authenticate=false -Dcom.sun.management.jmxremote.ssl=false -Djava.rmi.server.hostname=localhost -Dspring.jmx.enabled=true -Dspring.application.admin.enabled=true -XX:TieredStopAtLevel=1 -Dspring.boot.project.name=job-seeking -Dfile.encoding=UTF-8 -XX:+ShowCodeDetailsInExceptionMessages 
java_command: com.pfa.jobseeking.JobSeekingApplication
java_class_path (initial): C:\Users\USER\eclipse-spring\job-seeking\target\classes;C:\Users\USER\.m2\repository\org\springframework\boot\spring-boot-starter-data-jpa\2.4.5\spring-boot-starter-data-jpa-2.4.5.jar;C:\Users\USER\.m2\repository\org\springframework\boot\spring-boot-starter-aop\2.4.5\spring-boot-starter-aop-2.4.5.jar;C:\Users\USER\.m2\repository\org\aspectj\aspectjweaver\1.9.6\aspectjweaver-1.9.6.jar;C:\Users\USER\.m2\repository\org\springframework\boot\spring-boot-starter-jdbc\2.4.5\spring-boot-starter-jdbc-2.4.5.jar;C:\Users\USER\.m2\repository\com\zaxxer\HikariCP\3.4.5\HikariCP-3.4.5.jar;C:\Users\USER\.m2\repository\org\springframework\spring-jdbc\5.3.6\spring-jdbc-5.3.6.jar;C:\Users\USER\.m2\repository\jakarta\transaction\jakarta.transaction-api\1.3.3\jakarta.transaction-api-1.3.3.jar;C:\Users\USER\.m2\repository\jakarta\persistence\jakarta.persistence-api\2.2.3\jakarta.persistence-api-2.2.3.jar;C:\Users\USER\.m2\repository\org\hibernate\hibernate-core\5.4.30.Final\hibernate-core-5.4.30.Final.jar;C:\Users\USER\.m2\repository\org\jboss\logging\jboss-logging\3.4.1.Final\jboss-logging-3.4.1.Final.jar;C:\Users\USER\.m2\repository\org\javassist\javassist\3.27.0-GA\javassist-3.27.0-GA.jar;C:\Users\USER\.m2\repository\net\bytebuddy\byte-buddy\1.10.22\byte-buddy-1.10.22.jar;C:\Users\USER\.m2\repository\antlr\antlr\2.7.7\antlr-2.7.7.jar;C:\Users\USER\.m2\repository\org\jboss\jandex\2.2.3.Final\jandex-2.2.3.Final.jar;C:\Users\USER\.m2\repository\org\dom4j\dom4j\2.1.3\dom4j-2.1.3.jar;C:\Users\USER\.m2\repository\org\hibernate\common\hibernate-commons-annotations\5.1.2.Final\hibernate-commons-annotations-5.1.2.Final.jar;C:\Users\USER\.m2\repository\org\glassfish\jaxb\jaxb-runtime\2.3.4\jaxb-runtime-2.3.4.jar;C:\Users\USER\.m2\repository\org\glassfish\jaxb\txw2\2.3.4\txw2-2.3.4.jar;C:\Users\USER\.m2\repository\com\sun\istack\istack-commons-runtime\3.0.12\istack-commons-runtime-3.0.12.jar;C:\Users\USER\.m2\repository\com\sun\activation\jakarta.activation\1.2.2\jak
Launcher Type: SUN_STANDARD

[Global flags]
     intx CICompilerCount                          = 3                                         {product} {ergonomic}
     uint ConcGCThreads                            = 1                                         {product} {ergonomic}
     uint G1ConcRefinementThreads                  = 4                                         {product} {ergonomic}
   size_t G1HeapRegionSize                         = 1048576                                   {product} {ergonomic}
    uintx GCDrainStackTargetSize                   = 64                                        {product} {ergonomic}
   size_t InitialHeapSize                          = 67108864                                  {product} {ergonomic}
     bool ManagementServer                         = true                                      {product} {command line}
   size_t MarkStackSize                            = 4194304                                   {product} {ergonomic}
   size_t MaxHeapSize                              = 1054867456                                {product} {ergonomic}
   size_t MaxNewSize                               = 632291328                                 {product} {ergonomic}
   size_t MinHeapDeltaBytes                        = 1048576                                   {product} {ergonomic}
   size_t MinHeapSize                              = 8388608                                   {product} {ergonomic}
    uintx NonNMethodCodeHeapSize                   = 6973028                                {pd product} {ergonomic}
    uintx NonProfiledCodeHeapSize                  = 244685212                              {pd product} {ergonomic}
    uintx ProfiledCodeHeapSize                     = 0                                      {pd product} {ergonomic}
    uintx ReservedCodeCacheSize                    = 251658240                              {pd product} {ergonomic}
     bool SegmentedCodeCache                       = true                                      {product} {ergonomic}
     bool ShowCodeDetailsInExceptionMessages       = true                                   {manageable} {command line}
   size_t SoftMaxHeapSize                          = 1054867456                             {manageable} {ergonomic}
     intx TieredStopAtLevel                        = 1                                         {product} {command line}
     bool UseCompressedClassPointers               = true                                 {lp64_product} {ergonomic}
     bool UseCompressedOops                        = true                                 {lp64_product} {ergonomic}
     bool UseG1GC                                  = true                                      {product} {ergonomic}
     bool UseLargePagesIndividualAllocation        = false                                  {pd product} {ergonomic}

Logging:
Log output configuration:
 #0: stdout all=warning uptime,level,tags
 #1: stderr all=off uptime,level,tags

Environment Variables:
JAVA_HOME=C:\Program Files\AdoptOpenJDK\jdk-15.0.2.7-hotspot
PATH=C:/Users/USER/.p2/pool/plugins/org.eclipse.justj.openjdk.hotspot.jre.full.win32.x86_64_15.0.1.v20201027-0507/jre/bin/server;C:/Users/USER/.p2/pool/plugins/org.eclipse.justj.openjdk.hotspot.jre.full.win32.x86_64_15.0.1.v20201027-0507/jre/bin;C:\Program Files\AdoptOpenJDK\jdk-15.0.2.7-hotspot\bin;C:\oraclexe\app\oracle\product\10.2.0\server\bin;C:\Program Files\scicoslab-4.4.2\bin;C:\Program Files (x86)\Common Files\Oracle\Java\javapath;C:\WINDOWS\system32;C:\WINDOWS;C:\WINDOWS\System32\Wbem;C:\WINDOWS\System32\WindowsPowerShell\v1.0\;C:\Program Files (x86)\NVIDIA Corporation\PhysX\Common;C:\WINDOWS\system32;C:\WINDOWS;C:\WINDOWS\System32\Wbem;C:\WINDOWS\System32\WindowsPowerShell\v1.0\;C:\WINDOWS\System32\OpenSSH\;C:\Program Files\NVIDIA Corporation\NVIDIA NvDLISR;C:\Program Files\dotnet\;C:\Program Files\Microsoft SQL Server\130\Tools\Binn\;C:\Program Files\Microsoft SQL Server\Client SDK\ODBC\170\Tools\Binn\;C:\Program Files\Git\cmd;C:\Program Files\nodejs\;C:\ProgramData\chocolatey\bin;C:\Users\USER\AppData\Local\Microsoft\WindowsApps;C:\Users\USER\AppData\Local\Programs\Microsoft VS Code\bin;C:\Program Files\nodejs\;C:\Users\USER\.dotnet\tools;C:\Users\USER\Desktop;
USERNAME=USER
OS=Windows_NT
PROCESSOR_IDENTIFIER=Intel64 Family 6 Model 69 Stepping 1, GenuineIntel



---------------  S Y S T E M  ---------------

OS:
 Windows 10 , 64 bit Build 19041 (10.0.19041.1023)
OS uptime: 0 days 11:49 hours

CPU: total 4 (initial active 4) (2 cores per cpu, 2 threads per core) family 6 model 69 stepping 1 microcode 0x25, cmov, cx8, fxsr, mmx, sse, sse2, sse3, ssse3, sse4.1, sse4.2, popcnt, vzeroupper, avx, avx2, aes, clmul, erms, lzcnt, ht, tsc, tscinvbit, bmi1, bmi2, fma, clflush

Memory: 4k page, system-wide physical 4019M (271M free)
TotalPageFile size 8083M (AvailPageFile size 7M)
current process WorkingSet (physical memory assigned to process): 204M, peak: 204M
current process commit charge ("private bytes"): 230M, peak: 240M

vm_info: OpenJDK 64-Bit Server VM (15.0.1+9-18) for windows-amd64 JRE (15.0.1+9-18), built on Sep 15 2020 14:39:31 by "mach5one" with unknown MS VC++:1925

END.
